digraph Tree {
node [shape=box, style="filled, rounded", color="black", fontname=helvetica] ;
edge [fontname=helvetica] ;
0 [label="0 <= 2.5\ngini = 0.42\nsamples = 1000\nvalue = [300, 700]\nclass = no credit", fillcolor="#399de592"] ;
1 [label="1 <= 22.5\ngini = 0.4933\nsamples = 543\nvalue = [240, 303]\nclass = no credit", fillcolor="#399de535"] ;
0 -> 1 [labeldistance=2.5, labelangle=45, headlabel="True"] ;
2 [label="2 <= 1.5\ngini = 0.4528\nsamples = 306\nvalue = [106, 200]\nclass = no credit", fillcolor="#399de578"] ;
1 -> 2 ;
3 [label="13 <= 1.5\ngini = 0.375\nsamples = 28\nvalue = [21, 7]\nclass = credit", fillcolor="#e58139aa"] ;
2 -> 3 ;
4 [label="3 <= 3.5\ngini = 0.1884\nsamples = 19\nvalue = [17, 2]\nclass = credit", fillcolor="#e58139e1"] ;
3 -> 4 ;
5 [label="gini = 0.0\nsamples = 1\nvalue = [0, 1]\nclass = no credit", fillcolor="#399de5ff"] ;
4 -> 5 ;
6 [label="9 <= 23.5\ngini = 0.1049\nsamples = 18\nvalue = [17, 1]\nclass = credit", fillcolor="#e58139f0"] ;
4 -> 6 ;
7 [label="gini = 0.0\nsamples = 1\nvalue = [0, 1]\nclass = no credit", fillcolor="#399de5ff"] ;
6 -> 7 ;
8 [label="gini = 0.0\nsamples = 17\nvalue = [17, 0]\nclass = credit", fillcolor="#e58139ff"] ;
6 -> 8 ;
9 [label="1 <= 16.5\ngini = 0.4938\nsamples = 9\nvalue = [4, 5]\nclass = no credit", fillcolor="#399de533"] ;
3 -> 9 ;
10 [label="8 <= 1.5\ngini = 0.32\nsamples = 5\nvalue = [4, 1]\nclass = credit", fillcolor="#e58139bf"] ;
9 -> 10 ;
11 [label="gini = 0.0\nsamples = 1\nvalue = [0, 1]\nclass = no credit", fillcolor="#399de5ff"] ;
10 -> 11 ;
12 [label="gini = 0.0\nsamples = 4\nvalue = [4, 0]\nclass = credit", fillcolor="#e58139ff"] ;
10 -> 12 ;
13 [label="gini = 0.0\nsamples = 4\nvalue = [0, 4]\nclass = no credit", fillcolor="#399de5ff"] ;
9 -> 13 ;
14 [label="3 <= 87.5\ngini = 0.4245\nsamples = 278\nvalue = [85, 193]\nclass = no credit", fillcolor="#399de58f"] ;
2 -> 14 ;
15 [label="1 <= 11.5\ngini = 0.4165\nsamples = 274\nvalue = [81, 193]\nclass = no credit", fillcolor="#399de594"] ;
14 -> 15 ;
16 [label="9 <= 34.5\ngini = 0.2604\nsamples = 78\nvalue = [12, 66]\nclass = no credit", fillcolor="#399de5d1"] ;
15 -> 16 ;
17 [label="gini = 0.4152\nsamples = 34\nvalue = [10, 24]\nclass = no credit", fillcolor="#399de595"] ;
16 -> 17 ;
18 [label="gini = 0.0868\nsamples = 44\nvalue = [2, 42]\nclass = no credit", fillcolor="#399de5f3"] ;
16 -> 18 ;
19 [label="3 <= 13.5\ngini = 0.4562\nsamples = 196\nvalue = [69, 127]\nclass = no credit", fillcolor="#399de574"] ;
15 -> 19 ;
20 [label="gini = 0.5\nsamples = 72\nvalue = [36, 36]\nclass = credit", fillcolor="#e5813900"] ;
19 -> 20 ;
21 [label="gini = 0.3906\nsamples = 124\nvalue = [33, 91]\nclass = no credit", fillcolor="#399de5a3"] ;
19 -> 21 ;
22 [label="gini = 0.0\nsamples = 4\nvalue = [4, 0]\nclass = credit", fillcolor="#e58139ff"] ;
14 -> 22 ;
23 [label="4 <= 3.5\ngini = 0.4914\nsamples = 237\nvalue = [134, 103]\nclass = credit", fillcolor="#e581393b"] ;
1 -> 23 ;
24 [label="1 <= 47.5\ngini = 0.47\nsamples = 196\nvalue = [122, 74]\nclass = credit", fillcolor="#e5813964"] ;
23 -> 24 ;
25 [label="16 <= 0.5\ngini = 0.4905\nsamples = 160\nvalue = [91, 69]\nclass = credit", fillcolor="#e581393e"] ;
24 -> 25 ;
26 [label="3 <= 22.5\ngini = 0.471\nsamples = 137\nvalue = [85, 52]\nclass = credit", fillcolor="#e5813963"] ;
25 -> 26 ;
27 [label="gini = 0.3599\nsamples = 34\nvalue = [26, 8]\nclass = credit", fillcolor="#e58139b1"] ;
26 -> 27 ;
28 [label="gini = 0.4894\nsamples = 103\nvalue = [59, 44]\nclass = credit", fillcolor="#e5813941"] ;
26 -> 28 ;
29 [label="3 <= 81.0\ngini = 0.3856\nsamples = 23\nvalue = [6, 17]\nclass = no credit", fillcolor="#399de5a5"] ;
25 -> 29 ;
30 [label="gini = 0.1172\nsamples = 16\nvalue = [1, 15]\nclass = no credit", fillcolor="#399de5ee"] ;
29 -> 30 ;
31 [label="gini = 0.4082\nsamples = 7\nvalue = [5, 2]\nclass = credit", fillcolor="#e5813999"] ;
29 -> 31 ;
32 [label="7 <= 1.5\ngini = 0.2392\nsamples = 36\nvalue = [31, 5]\nclass = credit", fillcolor="#e58139d6"] ;
24 -> 32 ;
33 [label="17 <= 0.5\ngini = 0.4444\nsamples = 3\nvalue = [1, 2]\nclass = no credit", fillcolor="#399de57f"] ;
32 -> 33 ;
34 [label="gini = 0.0\nsamples = 1\nvalue = [1, 0]\nclass = credit", fillcolor="#e58139ff"] ;
33 -> 34 ;
35 [label="gini = 0.0\nsamples = 2\nvalue = [0, 2]\nclass = no credit", fillcolor="#399de5ff"] ;
33 -> 35 ;
36 [label="5 <= 1.5\ngini = 0.1653\nsamples = 33\nvalue = [30, 3]\nclass = credit", fillcolor="#e58139e6"] ;
32 -> 36 ;
37 [label="gini = 0.0\nsamples = 1\nvalue = [0, 1]\nclass = no credit", fillcolor="#399de5ff"] ;
36 -> 37 ;
38 [label="gini = 0.1172\nsamples = 32\nvalue = [30, 2]\nclass = credit", fillcolor="#e58139ee"] ;
36 -> 38 ;
39 [label="0 <= 1.5\ngini = 0.414\nsamples = 41\nvalue = [12, 29]\nclass = no credit", fillcolor="#399de595"] ;
23 -> 39 ;
40 [label="11 <= 1.5\ngini = 0.4844\nsamples = 17\nvalue = [10, 7]\nclass = credit", fillcolor="#e581394d"] ;
39 -> 40 ;
41 [label="16 <= 0.5\ngini = 0.355\nsamples = 13\nvalue = [10, 3]\nclass = credit", fillcolor="#e58139b3"] ;
40 -> 41 ;
42 [label="gini = 0.18\nsamples = 10\nvalue = [9, 1]\nclass = credit", fillcolor="#e58139e3"] ;
41 -> 42 ;
43 [label="gini = 0.4444\nsamples = 3\nvalue = [1, 2]\nclass = no credit", fillcolor="#399de57f"] ;
41 -> 43 ;
44 [label="gini = 0.0\nsamples = 4\nvalue = [0, 4]\nclass = no credit", fillcolor="#399de5ff"] ;
40 -> 44 ;
45 [label="3 <= 123.0\ngini = 0.1528\nsamples = 24\nvalue = [2, 22]\nclass = no credit", fillcolor="#399de5e8"] ;
39 -> 45 ;
46 [label="18 <= 0.5\ngini = 0.0832\nsamples = 23\nvalue = [1, 22]\nclass = no credit", fillcolor="#399de5f3"] ;
45 -> 46 ;
47 [label="gini = 0.0\nsamples = 21\nvalue = [0, 21]\nclass = no credit", fillcolor="#399de5ff"] ;
46 -> 47 ;
48 [label="gini = 0.5\nsamples = 2\nvalue = [1, 1]\nclass = credit", fillcolor="#e5813900"] ;
46 -> 48 ;
49 [label="gini = 0.0\nsamples = 1\nvalue = [1, 0]\nclass = credit", fillcolor="#e58139ff"] ;
45 -> 49 ;
50 [label="10 <= 2.5\ngini = 0.2281\nsamples = 457\nvalue = [60, 397]\nclass = no credit", fillcolor="#399de5d8"] ;
0 -> 50 [labeldistance=2.5, labelangle=-45, headlabel="False"] ;
51 [label="9 <= 44.5\ngini = 0.4114\nsamples = 76\nvalue = [22, 54]\nclass = no credit", fillcolor="#399de597"] ;
50 -> 51 ;
52 [label="9 <= 36.5\ngini = 0.4585\nsamples = 59\nvalue = [21, 38]\nclass = no credit", fillcolor="#399de572"] ;
51 -> 52 ;
53 [label="11 <= 1.5\ngini = 0.3807\nsamples = 43\nvalue = [11, 32]\nclass = no credit", fillcolor="#399de5a7"] ;
52 -> 53 ;
54 [label="5 <= 1.5\ngini = 0.2268\nsamples = 23\nvalue = [3, 20]\nclass = no credit", fillcolor="#399de5d9"] ;
53 -> 54 ;
55 [label="gini = 0.0\nsamples = 1\nvalue = [1, 0]\nclass = credit", fillcolor="#e58139ff"] ;
54 -> 55 ;
56 [label="gini = 0.1653\nsamples = 22\nvalue = [2, 20]\nclass = no credit", fillcolor="#399de5e6"] ;
54 -> 56 ;
57 [label="15 <= 0.5\ngini = 0.48\nsamples = 20\nvalue = [8, 12]\nclass = no credit", fillcolor="#399de555"] ;
53 -> 57 ;
58 [label="gini = 0.3911\nsamples = 15\nvalue = [4, 11]\nclass = no credit", fillcolor="#399de5a2"] ;
57 -> 58 ;
59 [label="gini = 0.32\nsamples = 5\nvalue = [4, 1]\nclass = credit", fillcolor="#e58139bf"] ;
57 -> 59 ;
60 [label="1 <= 9.0\ngini = 0.4688\nsamples = 16\nvalue = [10, 6]\nclass = credit", fillcolor="#e5813966"] ;
52 -> 60 ;
61 [label="gini = 0.0\nsamples = 2\nvalue = [0, 2]\nclass = no credit", fillcolor="#399de5ff"] ;
60 -> 61 ;
62 [label="7 <= 2.5\ngini = 0.4082\nsamples = 14\nvalue = [10, 4]\nclass = credit", fillcolor="#e5813999"] ;
60 -> 62 ;
63 [label="gini = 0.0\nsamples = 6\nvalue = [6, 0]\nclass = credit", fillcolor="#e58139ff"] ;
62 -> 63 ;
64 [label="gini = 0.5\nsamples = 8\nvalue = [4, 4]\nclass = credit", fillcolor="#e5813900"] ;
62 -> 64 ;
65 [label="8 <= 1.5\ngini = 0.1107\nsamples = 17\nvalue = [1, 16]\nclass = no credit", fillcolor="#399de5ef"] ;
51 -> 65 ;
66 [label="gini = 0.0\nsamples = 1\nvalue = [1, 0]\nclass = credit", fillcolor="#e58139ff"] ;
65 -> 66 ;
67 [label="gini = 0.0\nsamples = 16\nvalue = [0, 16]\nclass = no credit", fillcolor="#399de5ff"] ;
65 -> 67 ;
68 [label="5 <= 2.5\ngini = 0.1796\nsamples = 381\nvalue = [38, 343]\nclass = no credit", fillcolor="#399de5e3"] ;
50 -> 68 ;
69 [label="3 <= 67.0\ngini = 0.3343\nsamples = 66\nvalue = [14, 52]\nclass = no credit", fillcolor="#399de5ba"] ;
68 -> 69 ;
70 [label="18 <= 0.5\ngini = 0.2706\nsamples = 62\nvalue = [10, 52]\nclass = no credit", fillcolor="#399de5ce"] ;
69 -> 70 ;
71 [label="2 <= 1.5\ngini = 0.2091\nsamples = 59\nvalue = [7, 52]\nclass = no credit", fillcolor="#399de5dd"] ;
70 -> 71 ;
72 [label="gini = 0.4444\nsamples = 3\nvalue = [2, 1]\nclass = credit", fillcolor="#e581397f"] ;
71 -> 72 ;
73 [label="gini = 0.1626\nsamples = 56\nvalue = [5, 51]\nclass = no credit", fillcolor="#399de5e6"] ;
71 -> 73 ;
74 [label="gini = 0.0\nsamples = 3\nvalue = [3, 0]\nclass = credit", fillcolor="#e58139ff"] ;
70 -> 74 ;
75 [label="gini = 0.0\nsamples = 4\nvalue = [4, 0]\nclass = credit", fillcolor="#e58139ff"] ;
69 -> 75 ;
76 [label="9 <= 30.5\ngini = 0.1408\nsamples = 315\nvalue = [24, 291]\nclass = no credit", fillcolor="#399de5ea"] ;
68 -> 76 ;
77 [label="11 <= 2.5\ngini = 0.2349\nsamples = 103\nvalue = [14, 89]\nclass = no credit", fillcolor="#399de5d7"] ;
76 -> 77 ;
78 [label="23 <= 0.5\ngini = 0.2224\nsamples = 102\nvalue = [13, 89]\nclass = no credit", fillcolor="#399de5da"] ;
77 -> 78 ;
79 [label="gini = 0.42\nsamples = 20\nvalue = [6, 14]\nclass = no credit", fillcolor="#399de592"] ;
78 -> 79 ;
80 [label="gini = 0.1562\nsamples = 82\nvalue = [7, 75]\nclass = no credit", fillcolor="#399de5e7"] ;
78 -> 80 ;
81 [label="gini = 0.0\nsamples = 1\nvalue = [1, 0]\nclass = credit", fillcolor="#e58139ff"] ;
77 -> 81 ;
82 [label="9 <= 65.5\ngini = 0.0899\nsamples = 212\nvalue = [10, 202]\nclass = no credit", fillcolor="#399de5f2"] ;
76 -> 82 ;
83 [label="0 <= 3.5\ngini = 0.0743\nsamples = 207\nvalue = [8, 199]\nclass = no credit", fillcolor="#399de5f5"] ;
82 -> 83 ;
84 [label="gini = 0.2188\nsamples = 24\nvalue = [3, 21]\nclass = no credit", fillcolor="#399de5db"] ;
83 -> 84 ;
85 [label="gini = 0.0532\nsamples = 183\nvalue = [5, 178]\nclass = no credit", fillcolor="#399de5f8"] ;
83 -> 85 ;
86 [label="9 <= 71.0\ngini = 0.48\nsamples = 5\nvalue = [2, 3]\nclass = no credit", fillcolor="#399de555"] ;
82 -> 86 ;
87 [label="gini = 0.0\nsamples = 2\nvalue = [2, 0]\nclass = credit", fillcolor="#e58139ff"] ;
86 -> 87 ;
88 [label="gini = 0.0\nsamples = 3\nvalue = [0, 3]\nclass = no credit", fillcolor="#399de5ff"] ;
86 -> 88 ;
}