digraph Tree {
node [shape=box, style="filled, rounded", color="black", fontname=helvetica] ;
edge [fontname=helvetica] ;
0 [label="0 <= 2.5\ngini = 0.42\nsamples = 1000\nvalue = [300, 700]\nclass = no credit", fillcolor="#399de592"] ;
1 [label="1 <= 22.5\ngini = 0.4933\nsamples = 543\nvalue = [240, 303]\nclass = no credit", fillcolor="#399de535"] ;
0 -> 1 [labeldistance=2.5, labelangle=45, headlabel="True"] ;
2 [label="2 <= 1.5\ngini = 0.4528\nsamples = 306\nvalue = [106, 200]\nclass = no credit", fillcolor="#399de578"] ;
1 -> 2 ;
3 [label="13 <= 1.5\ngini = 0.375\nsamples = 28\nvalue = [21, 7]\nclass = credit", fillcolor="#e58139aa"] ;
2 -> 3 ;
4 [label="9 <= 23.5\ngini = 0.1884\nsamples = 19\nvalue = [17, 2]\nclass = credit", fillcolor="#e58139e1"] ;
3 -> 4 ;
5 [label="gini = 0.0\nsamples = 1\nvalue = [0, 1]\nclass = no credit", fillcolor="#399de5ff"] ;
4 -> 5 ;
6 [label="3 <= 3.5\ngini = 0.1049\nsamples = 18\nvalue = [17, 1]\nclass = credit", fillcolor="#e58139f0"] ;
4 -> 6 ;
7 [label="gini = 0.0\nsamples = 1\nvalue = [0, 1]\nclass = no credit", fillcolor="#399de5ff"] ;
6 -> 7 ;
8 [label="gini = 0.0\nsamples = 17\nvalue = [17, 0]\nclass = credit", fillcolor="#e58139ff"] ;
6 -> 8 ;
9 [label="1 <= 16.5\ngini = 0.4938\nsamples = 9\nvalue = [4, 5]\nclass = no credit", fillcolor="#399de533"] ;
3 -> 9 ;
10 [label="8 <= 1.5\ngini = 0.32\nsamples = 5\nvalue = [4, 1]\nclass = credit", fillcolor="#e58139bf"] ;
9 -> 10 ;
11 [label="gini = 0.0\nsamples = 1\nvalue = [0, 1]\nclass = no credit", fillcolor="#399de5ff"] ;
10 -> 11 ;
12 [label="gini = 0.0\nsamples = 4\nvalue = [4, 0]\nclass = credit", fillcolor="#e58139ff"] ;
10 -> 12 ;
13 [label="gini = 0.0\nsamples = 4\nvalue = [0, 4]\nclass = no credit", fillcolor="#399de5ff"] ;
9 -> 13 ;
14 [label="3 <= 87.5\ngini = 0.4245\nsamples = 278\nvalue = [85, 193]\nclass = no credit", fillcolor="#399de58f"] ;
2 -> 14 ;
15 [label="1 <= 11.5\ngini = 0.4165\nsamples = 274\nvalue = [81, 193]\nclass = no credit", fillcolor="#399de594"] ;
14 -> 15 ;
16 [label="9 <= 34.5\ngini = 0.2604\nsamples = 78\nvalue = [12, 66]\nclass = no credit", fillcolor="#399de5d1"] ;
15 -> 16 ;
17 [label="8 <= 1.5\ngini = 0.4152\nsamples = 34\nvalue = [10, 24]\nclass = no credit", fillcolor="#399de595"] ;
16 -> 17 ;
18 [label="9 <= 24.5\ngini = 0.1172\nsamples = 16\nvalue = [1, 15]\nclass = no credit", fillcolor="#399de5ee"] ;
17 -> 18 ;
19 [label="1 <= 8.5\ngini = 0.375\nsamples = 4\nvalue = [1, 3]\nclass = no credit", fillcolor="#399de5aa"] ;
18 -> 19 ;
20 [label="gini = 0.0\nsamples = 1\nvalue = [1, 0]\nclass = credit", fillcolor="#e58139ff"] ;
19 -> 20 ;
21 [label="gini = 0.0\nsamples = 3\nvalue = [0, 3]\nclass = no credit", fillcolor="#399de5ff"] ;
19 -> 21 ;
22 [label="gini = 0.0\nsamples = 12\nvalue = [0, 12]\nclass = no credit", fillcolor="#399de5ff"] ;
18 -> 22 ;
23 [label="1 <= 7.5\ngini = 0.5\nsamples = 18\nvalue = [9, 9]\nclass = credit", fillcolor="#e5813900"] ;
17 -> 23 ;
24 [label="3 <= 4.5\ngini = 0.2449\nsamples = 7\nvalue = [1, 6]\nclass = no credit", fillcolor="#399de5d4"] ;
23 -> 24 ;
25 [label="gini = 0.0\nsamples = 1\nvalue = [1, 0]\nclass = credit", fillcolor="#e58139ff"] ;
24 -> 25 ;
26 [label="gini = 0.0\nsamples = 6\nvalue = [0, 6]\nclass = no credit", fillcolor="#399de5ff"] ;
24 -> 26 ;
27 [label="22 <= 0.5\ngini = 0.3967\nsamples = 11\nvalue = [8, 3]\nclass = credit", fillcolor="#e581399f"] ;
23 -> 27 ;
28 [label="3 <= 18.5\ngini = 0.2188\nsamples = 8\nvalue = [7, 1]\nclass = credit", fillcolor="#e58139db"] ;
27 -> 28 ;
29 [label="gini = 0.0\nsamples = 7\nvalue = [7, 0]\nclass = credit", fillcolor="#e58139ff"] ;
28 -> 29 ;
30 [label="gini = 0.0\nsamples = 1\nvalue = [0, 1]\nclass = no credit", fillcolor="#399de5ff"] ;
28 -> 30 ;
31 [label="15 <= 0.5\ngini = 0.4444\nsamples = 3\nvalue = [1, 2]\nclass = no credit", fillcolor="#399de57f"] ;
27 -> 31 ;
32 [label="gini = 0.0\nsamples = 2\nvalue = [0, 2]\nclass = no credit", fillcolor="#399de5ff"] ;
31 -> 32 ;
33 [label="gini = 0.0\nsamples = 1\nvalue = [1, 0]\nclass = credit", fillcolor="#e58139ff"] ;
31 -> 33 ;
34 [label="6 <= 1.5\ngini = 0.0868\nsamples = 44\nvalue = [2, 42]\nclass = no credit", fillcolor="#399de5f3"] ;
16 -> 34 ;
35 [label="gini = 0.0\nsamples = 1\nvalue = [1, 0]\nclass = credit", fillcolor="#e58139ff"] ;
34 -> 35 ;
36 [label="5 <= 1.5\ngini = 0.0454\nsamples = 43\nvalue = [1, 42]\nclass = no credit", fillcolor="#399de5f9"] ;
34 -> 36 ;
37 [label="3 <= 13.0\ngini = 0.32\nsamples = 5\nvalue = [1, 4]\nclass = no credit", fillcolor="#399de5bf"] ;
36 -> 37 ;
38 [label="15 <= 0.5\ngini = 0.5\nsamples = 2\nvalue = [1, 1]\nclass = credit", fillcolor="#e5813900"] ;
37 -> 38 ;
39 [label="gini = 0.0\nsamples = 1\nvalue = [0, 1]\nclass = no credit", fillcolor="#399de5ff"] ;
38 -> 39 ;
40 [label="gini = 0.0\nsamples = 1\nvalue = [1, 0]\nclass = credit", fillcolor="#e58139ff"] ;
38 -> 40 ;
41 [label="gini = 0.0\nsamples = 3\nvalue = [0, 3]\nclass = no credit", fillcolor="#399de5ff"] ;
37 -> 41 ;
42 [label="gini = 0.0\nsamples = 38\nvalue = [0, 38]\nclass = no credit", fillcolor="#399de5ff"] ;
36 -> 42 ;
43 [label="3 <= 13.5\ngini = 0.4562\nsamples = 196\nvalue = [69, 127]\nclass = no credit", fillcolor="#399de574"] ;
15 -> 43 ;
44 [label="8 <= 2.5\ngini = 0.5\nsamples = 72\nvalue = [36, 36]\nclass = credit", fillcolor="#e5813900"] ;
43 -> 44 ;
45 [label="17 <= 0.5\ngini = 0.4608\nsamples = 50\nvalue = [18, 32]\nclass = no credit", fillcolor="#399de570"] ;
44 -> 45 ;
46 [label="15 <= 0.5\ngini = 0.1528\nsamples = 12\nvalue = [1, 11]\nclass = no credit", fillcolor="#399de5e8"] ;
45 -> 46 ;
47 [label="gini = 0.0\nsamples = 11\nvalue = [0, 11]\nclass = no credit", fillcolor="#399de5ff"] ;
46 -> 47 ;
48 [label="gini = 0.0\nsamples = 1\nvalue = [1, 0]\nclass = credit", fillcolor="#e58139ff"] ;
46 -> 48 ;
49 [label="2 <= 2.5\ngini = 0.4945\nsamples = 38\nvalue = [17, 21]\nclass = no credit", fillcolor="#399de531"] ;
45 -> 49 ;
50 [label="4 <= 3.5\ngini = 0.4978\nsamples = 30\nvalue = [16, 14]\nclass = credit", fillcolor="#e5813920"] ;
49 -> 50 ;
51 [label="9 <= 43.0\ngini = 0.4537\nsamples = 23\nvalue = [15, 8]\nclass = credit", fillcolor="#e5813977"] ;
50 -> 51 ;
52 [label="7 <= 1.5\ngini = 0.4938\nsamples = 18\nvalue = [10, 8]\nclass = credit", fillcolor="#e5813933"] ;
51 -> 52 ;
53 [label="gini = 0.0\nsamples = 3\nvalue = [3, 0]\nclass = credit", fillcolor="#e58139ff"] ;
52 -> 53 ;
54 [label="23 <= 0.5\ngini = 0.4978\nsamples = 15\nvalue = [7, 8]\nclass = no credit", fillcolor="#399de520"] ;
52 -> 54 ;
55 [label="15 <= 0.5\ngini = 0.375\nsamples = 8\nvalue = [2, 6]\nclass = no credit", fillcolor="#399de5aa"] ;
54 -> 55 ;
56 [label="gini = 0.0\nsamples = 5\nvalue = [0, 5]\nclass = no credit", fillcolor="#399de5ff"] ;
55 -> 56 ;
57 [label="9 <= 25.5\ngini = 0.4444\nsamples = 3\nvalue = [2, 1]\nclass = credit", fillcolor="#e581397f"] ;
55 -> 57 ;
58 [label="gini = 0.0\nsamples = 2\nvalue = [2, 0]\nclass = credit", fillcolor="#e58139ff"] ;
57 -> 58 ;
59 [label="gini = 0.0\nsamples = 1\nvalue = [0, 1]\nclass = no credit", fillcolor="#399de5ff"] ;
57 -> 59 ;
60 [label="14 <= 1.5\ngini = 0.4082\nsamples = 7\nvalue = [5, 2]\nclass = credit", fillcolor="#e5813999"] ;
54 -> 60 ;
61 [label="19 <= 0.5\ngini = 0.2778\nsamples = 6\nvalue = [5, 1]\nclass = credit", fillcolor="#e58139cc"] ;
60 -> 61 ;
62 [label="gini = 0.0\nsamples = 4\nvalue = [4, 0]\nclass = credit", fillcolor="#e58139ff"] ;
61 -> 62 ;
63 [label="5 <= 4.5\ngini = 0.5\nsamples = 2\nvalue = [1, 1]\nclass = credit", fillcolor="#e5813900"] ;
61 -> 63 ;
64 [label="gini = 0.0\nsamples = 1\nvalue = [1, 0]\nclass = credit", fillcolor="#e58139ff"] ;
63 -> 64 ;
65 [label="gini = 0.0\nsamples = 1\nvalue = [0, 1]\nclass = no credit", fillcolor="#399de5ff"] ;
63 -> 65 ;
66 [label="gini = 0.0\nsamples = 1\nvalue = [0, 1]\nclass = no credit", fillcolor="#399de5ff"] ;
60 -> 66 ;
67 [label="gini = 0.0\nsamples = 5\nvalue = [5, 0]\nclass = credit", fillcolor="#e58139ff"] ;
51 -> 67 ;
68 [label="1 <= 15.0\ngini = 0.2449\nsamples = 7\nvalue = [1, 6]\nclass = no credit", fillcolor="#399de5d4"] ;
50 -> 68 ;
69 [label="gini = 0.0\nsamples = 6\nvalue = [0, 6]\nclass = no credit", fillcolor="#399de5ff"] ;
68 -> 69 ;
70 [label="gini = 0.0\nsamples = 1\nvalue = [1, 0]\nclass = credit", fillcolor="#e58139ff"] ;
68 -> 70 ;
71 [label="5 <= 4.5\ngini = 0.2188\nsamples = 8\nvalue = [1, 7]\nclass = no credit", fillcolor="#399de5db"] ;
49 -> 71 ;
72 [label="gini = 0.0\nsamples = 6\nvalue = [0, 6]\nclass = no credit", fillcolor="#399de5ff"] ;
71 -> 72 ;
73 [label="1 <= 16.5\ngini = 0.5\nsamples = 2\nvalue = [1, 1]\nclass = credit", fillcolor="#e5813900"] ;
71 -> 73 ;
74 [label="gini = 0.0\nsamples = 1\nvalue = [1, 0]\nclass = credit", fillcolor="#e58139ff"] ;
73 -> 74 ;
75 [label="gini = 0.0\nsamples = 1\nvalue = [0, 1]\nclass = no credit", fillcolor="#399de5ff"] ;
73 -> 75 ;
76 [label="9 <= 58.0\ngini = 0.2975\nsamples = 22\nvalue = [18, 4]\nclass = credit", fillcolor="#e58139c6"] ;
44 -> 76 ;
77 [label="6 <= 1.5\ngini = 0.18\nsamples = 20\nvalue = [18, 2]\nclass = credit", fillcolor="#e58139e3"] ;
76 -> 77 ;
78 [label="gini = 0.0\nsamples = 1\nvalue = [0, 1]\nclass = no credit", fillcolor="#399de5ff"] ;
77 -> 78 ;
79 [label="11 <= 1.5\ngini = 0.0997\nsamples = 19\nvalue = [18, 1]\nclass = credit", fillcolor="#e58139f1"] ;
77 -> 79 ;
80 [label="gini = 0.0\nsamples = 16\nvalue = [16, 0]\nclass = credit", fillcolor="#e58139ff"] ;
79 -> 80 ;
81 [label="3 <= 12.5\ngini = 0.4444\nsamples = 3\nvalue = [2, 1]\nclass = credit", fillcolor="#e581397f"] ;
79 -> 81 ;
82 [label="gini = 0.0\nsamples = 2\nvalue = [2, 0]\nclass = credit", fillcolor="#e58139ff"] ;
81 -> 82 ;
83 [label="gini = 0.0\nsamples = 1\nvalue = [0, 1]\nclass = no credit", fillcolor="#399de5ff"] ;
81 -> 83 ;
84 [label="gini = 0.0\nsamples = 2\nvalue = [0, 2]\nclass = no credit", fillcolor="#399de5ff"] ;
76 -> 84 ;
85 [label="9 <= 50.5\ngini = 0.3906\nsamples = 124\nvalue = [33, 91]\nclass = no credit", fillcolor="#399de5a3"] ;
43 -> 85 ;
86 [label="4 <= 1.5\ngini = 0.3565\nsamples = 112\nvalue = [26, 86]\nclass = no credit", fillcolor="#399de5b2"] ;
85 -> 86 ;
87 [label="0 <= 1.5\ngini = 0.4146\nsamples = 75\nvalue = [22, 53]\nclass = no credit", fillcolor="#399de595"] ;
86 -> 87 ;
88 [label="1 <= 15.5\ngini = 0.4726\nsamples = 47\nvalue = [18, 29]\nclass = no credit", fillcolor="#399de561"] ;
87 -> 88 ;
89 [label="3 <= 25.5\ngini = 0.355\nsamples = 26\nvalue = [6, 20]\nclass = no credit", fillcolor="#399de5b3"] ;
88 -> 89 ;
90 [label="6 <= 1.5\ngini = 0.1107\nsamples = 17\nvalue = [1, 16]\nclass = no credit", fillcolor="#399de5ef"] ;
89 -> 90 ;
91 [label="gini = 0.0\nsamples = 1\nvalue = [1, 0]\nclass = credit", fillcolor="#e58139ff"] ;
90 -> 91 ;
92 [label="gini = 0.0\nsamples = 16\nvalue = [0, 16]\nclass = no credit", fillcolor="#399de5ff"] ;
90 -> 92 ;
93 [label="13 <= 1.5\ngini = 0.4938\nsamples = 9\nvalue = [5, 4]\nclass = credit", fillcolor="#e5813933"] ;
89 -> 93 ;
94 [label="8 <= 1.5\ngini = 0.4444\nsamples = 6\nvalue = [2, 4]\nclass = no credit", fillcolor="#399de57f"] ;
93 -> 94 ;
95 [label="gini = 0.0\nsamples = 2\nvalue = [2, 0]\nclass = credit", fillcolor="#e58139ff"] ;
94 -> 95 ;
96 [label="gini = 0.0\nsamples = 4\nvalue = [0, 4]\nclass = no credit", fillcolor="#399de5ff"] ;
94 -> 96 ;
97 [label="gini = 0.0\nsamples = 3\nvalue = [3, 0]\nclass = credit", fillcolor="#e58139ff"] ;
93 -> 97 ;
98 [label="5 <= 3.5\ngini = 0.4898\nsamples = 21\nvalue = [12, 9]\nclass = credit", fillcolor="#e5813940"] ;
88 -> 98 ;
99 [label="5 <= 2.5\ngini = 0.355\nsamples = 13\nvalue = [10, 3]\nclass = credit", fillcolor="#e58139b3"] ;
98 -> 99 ;
100 [label="6 <= 2.5\ngini = 0.48\nsamples = 5\nvalue = [2, 3]\nclass = no credit", fillcolor="#399de555"] ;
99 -> 100 ;
101 [label="gini = 0.0\nsamples = 3\nvalue = [0, 3]\nclass = no credit", fillcolor="#399de5ff"] ;
100 -> 101 ;
102 [label="gini = 0.0\nsamples = 2\nvalue = [2, 0]\nclass = credit", fillcolor="#e58139ff"] ;
100 -> 102 ;
103 [label="gini = 0.0\nsamples = 8\nvalue = [8, 0]\nclass = credit", fillcolor="#e58139ff"] ;
99 -> 103 ;
104 [label="10 <= 2.0\ngini = 0.375\nsamples = 8\nvalue = [2, 6]\nclass = no credit", fillcolor="#399de5aa"] ;
98 -> 104 ;
105 [label="gini = 0.0\nsamples = 2\nvalue = [2, 0]\nclass = credit", fillcolor="#e58139ff"] ;
104 -> 105 ;
106 [label="gini = 0.0\nsamples = 6\nvalue = [0, 6]\nclass = no credit", fillcolor="#399de5ff"] ;
104 -> 106 ;
107 [label="3 <= 19.5\ngini = 0.2449\nsamples = 28\nvalue = [4, 24]\nclass = no credit", fillcolor="#399de5d4"] ;
87 -> 107 ;
108 [label="13 <= 1.5\ngini = 0.4898\nsamples = 7\nvalue = [3, 4]\nclass = no credit", fillcolor="#399de540"] ;
107 -> 108 ;
109 [label="7 <= 2.5\ngini = 0.375\nsamples = 4\nvalue = [3, 1]\nclass = credit", fillcolor="#e58139aa"] ;
108 -> 109 ;
110 [label="gini = 0.0\nsamples = 3\nvalue = [3, 0]\nclass = credit", fillcolor="#e58139ff"] ;
109 -> 110 ;
111 [label="gini = 0.0\nsamples = 1\nvalue = [0, 1]\nclass = no credit", fillcolor="#399de5ff"] ;
109 -> 111 ;
112 [label="gini = 0.0\nsamples = 3\nvalue = [0, 3]\nclass = no credit", fillcolor="#399de5ff"] ;
108 -> 112 ;
113 [label="8 <= 3.5\ngini = 0.0907\nsamples = 21\nvalue = [1, 20]\nclass = no credit", fillcolor="#399de5f2"] ;
107 -> 113 ;
114 [label="gini = 0.0\nsamples = 19\nvalue = [0, 19]\nclass = no credit", fillcolor="#399de5ff"] ;
113 -> 114 ;
115 [label="9 <= 40.5\ngini = 0.5\nsamples = 2\nvalue = [1, 1]\nclass = credit", fillcolor="#e5813900"] ;
113 -> 115 ;
116 [label="gini = 0.0\nsamples = 1\nvalue = [1, 0]\nclass = credit", fillcolor="#e58139ff"] ;
115 -> 116 ;
117 [label="gini = 0.0\nsamples = 1\nvalue = [0, 1]\nclass = no credit", fillcolor="#399de5ff"] ;
115 -> 117 ;
118 [label="6 <= 2.5\ngini = 0.1928\nsamples = 37\nvalue = [4, 33]\nclass = no credit", fillcolor="#399de5e0"] ;
86 -> 118 ;
119 [label="23 <= 0.5\ngini = 0.4688\nsamples = 8\nvalue = [3, 5]\nclass = no credit", fillcolor="#399de566"] ;
118 -> 119 ;
120 [label="gini = 0.0\nsamples = 3\nvalue = [0, 3]\nclass = no credit", fillcolor="#399de5ff"] ;
119 -> 120 ;
121 [label="0 <= 1.5\ngini = 0.48\nsamples = 5\nvalue = [3, 2]\nclass = credit", fillcolor="#e5813955"] ;
119 -> 121 ;
122 [label="gini = 0.0\nsamples = 2\nvalue = [0, 2]\nclass = no credit", fillcolor="#399de5ff"] ;
121 -> 122 ;
123 [label="gini = 0.0\nsamples = 3\nvalue = [3, 0]\nclass = credit", fillcolor="#e58139ff"] ;
121 -> 123 ;
124 [label="7 <= 1.5\ngini = 0.0666\nsamples = 29\nvalue = [1, 28]\nclass = no credit", fillcolor="#399de5f6"] ;
118 -> 124 ;
125 [label="13 <= 1.5\ngini = 0.375\nsamples = 4\nvalue = [1, 3]\nclass = no credit", fillcolor="#399de5aa"] ;
124 -> 125 ;
126 [label="gini = 0.0\nsamples = 3\nvalue = [0, 3]\nclass = no credit", fillcolor="#399de5ff"] ;
125 -> 126 ;
127 [label="gini = 0.0\nsamples = 1\nvalue = [1, 0]\nclass = credit", fillcolor="#e58139ff"] ;
125 -> 127 ;
128 [label="gini = 0.0\nsamples = 25\nvalue = [0, 25]\nclass = no credit", fillcolor="#399de5ff"] ;
124 -> 128 ;
129 [label="8 <= 1.5\ngini = 0.4861\nsamples = 12\nvalue = [7, 5]\nclass = credit", fillcolor="#e5813949"] ;
85 -> 129 ;
130 [label="gini = 0.0\nsamples = 2\nvalue = [0, 2]\nclass = no credit", fillcolor="#399de5ff"] ;
129 -> 130 ;
131 [label="9 <= 65.5\ngini = 0.42\nsamples = 10\nvalue = [7, 3]\nclass = credit", fillcolor="#e5813992"] ;
129 -> 131 ;
132 [label="6 <= 2.5\ngini = 0.2188\nsamples = 8\nvalue = [7, 1]\nclass = credit", fillcolor="#e58139db"] ;
131 -> 132 ;
133 [label="3 <= 27.0\ngini = 0.5\nsamples = 2\nvalue = [1, 1]\nclass = credit", fillcolor="#e5813900"] ;
132 -> 133 ;
134 [label="gini = 0.0\nsamples = 1\nvalue = [0, 1]\nclass = no credit", fillcolor="#399de5ff"] ;
133 -> 134 ;
135 [label="gini = 0.0\nsamples = 1\nvalue = [1, 0]\nclass = credit", fillcolor="#e58139ff"] ;
133 -> 135 ;
136 [label="gini = 0.0\nsamples = 6\nvalue = [6, 0]\nclass = credit", fillcolor="#e58139ff"] ;
132 -> 136 ;
137 [label="gini = 0.0\nsamples = 2\nvalue = [0, 2]\nclass = no credit", fillcolor="#399de5ff"] ;
131 -> 137 ;
138 [label="gini = 0.0\nsamples = 4\nvalue = [4, 0]\nclass = credit", fillcolor="#e58139ff"] ;
14 -> 138 ;
139 [label="4 <= 3.5\ngini = 0.4914\nsamples = 237\nvalue = [134, 103]\nclass = credit", fillcolor="#e581393b"] ;
1 -> 139 ;
140 [label="1 <= 47.5\ngini = 0.47\nsamples = 196\nvalue = [122, 74]\nclass = credit", fillcolor="#e5813964"] ;
139 -> 140 ;
141 [label="16 <= 0.5\ngini = 0.4905\nsamples = 160\nvalue = [91, 69]\nclass = credit", fillcolor="#e581393e"] ;
140 -> 141 ;
142 [label="3 <= 22.5\ngini = 0.471\nsamples = 137\nvalue = [85, 52]\nclass = credit", fillcolor="#e5813963"] ;
141 -> 142 ;
143 [label="5 <= 3.5\ngini = 0.3599\nsamples = 34\nvalue = [26, 8]\nclass = credit", fillcolor="#e58139b1"] ;
142 -> 143 ;
144 [label="7 <= 1.5\ngini = 0.18\nsamples = 20\nvalue = [18, 2]\nclass = credit", fillcolor="#e58139e3"] ;
143 -> 144 ;
145 [label="6 <= 3.5\ngini = 0.4444\nsamples = 3\nvalue = [1, 2]\nclass = no credit", fillcolor="#399de57f"] ;
144 -> 145 ;
146 [label="gini = 0.0\nsamples = 2\nvalue = [0, 2]\nclass = no credit", fillcolor="#399de5ff"] ;
145 -> 146 ;
147 [label="gini = 0.0\nsamples = 1\nvalue = [1, 0]\nclass = credit", fillcolor="#e58139ff"] ;
145 -> 147 ;
148 [label="gini = 0.0\nsamples = 17\nvalue = [17, 0]\nclass = credit", fillcolor="#e58139ff"] ;
144 -> 148 ;
149 [label="8 <= 2.5\ngini = 0.4898\nsamples = 14\nvalue = [8, 6]\nclass = credit", fillcolor="#e5813940"] ;
143 -> 149 ;
150 [label="6 <= 1.5\ngini = 0.32\nsamples = 5\nvalue = [1, 4]\nclass = no credit", fillcolor="#399de5bf"] ;
149 -> 150 ;
151 [label="gini = 0.0\nsamples = 1\nvalue = [1, 0]\nclass = credit", fillcolor="#e58139ff"] ;
150 -> 151 ;
152 [label="gini = 0.0\nsamples = 4\nvalue = [0, 4]\nclass = no credit", fillcolor="#399de5ff"] ;
150 -> 152 ;
153 [label="9 <= 21.5\ngini = 0.3457\nsamples = 9\nvalue = [7, 2]\nclass = credit", fillcolor="#e58139b6"] ;
149 -> 153 ;
154 [label="gini = 0.0\nsamples = 1\nvalue = [0, 1]\nclass = no credit", fillcolor="#399de5ff"] ;
153 -> 154 ;
155 [label="20 <= 0.5\ngini = 0.2188\nsamples = 8\nvalue = [7, 1]\nclass = credit", fillcolor="#e58139db"] ;
153 -> 155 ;
156 [label="gini = 0.0\nsamples = 5\nvalue = [5, 0]\nclass = credit", fillcolor="#e58139ff"] ;
155 -> 156 ;
157 [label="2 <= 2.5\ngini = 0.4444\nsamples = 3\nvalue = [2, 1]\nclass = credit", fillcolor="#e581397f"] ;
155 -> 157 ;
158 [label="gini = 0.0\nsamples = 1\nvalue = [0, 1]\nclass = no credit", fillcolor="#399de5ff"] ;
157 -> 158 ;
159 [label="gini = 0.0\nsamples = 2\nvalue = [2, 0]\nclass = credit", fillcolor="#e58139ff"] ;
157 -> 159 ;
160 [label="3 <= 40.5\ngini = 0.4894\nsamples = 103\nvalue = [59, 44]\nclass = credit", fillcolor="#e5813941"] ;
142 -> 160 ;
161 [label="10 <= 2.5\ngini = 0.4998\nsamples = 55\nvalue = [27, 28]\nclass = no credit", fillcolor="#399de509"] ;
160 -> 161 ;
162 [label="1 <= 33.0\ngini = 0.355\nsamples = 13\nvalue = [3, 10]\nclass = no credit", fillcolor="#399de5b3"] ;
161 -> 162 ;
163 [label="3 <= 35.5\ngini = 0.18\nsamples = 10\nvalue = [1, 9]\nclass = no credit", fillcolor="#399de5e3"] ;
162 -> 163 ;
164 [label="gini = 0.0\nsamples = 8\nvalue = [0, 8]\nclass = no credit", fillcolor="#399de5ff"] ;
163 -> 164 ;
165 [label="5 <= 3.5\ngini = 0.5\nsamples = 2\nvalue = [1, 1]\nclass = credit", fillcolor="#e5813900"] ;
163 -> 165 ;
166 [label="gini = 0.0\nsamples = 1\nvalue = [0, 1]\nclass = no credit", fillcolor="#399de5ff"] ;
165 -> 166 ;
167 [label="gini = 0.0\nsamples = 1\nvalue = [1, 0]\nclass = credit", fillcolor="#e58139ff"] ;
165 -> 167 ;
168 [label="15 <= 0.5\ngini = 0.4444\nsamples = 3\nvalue = [2, 1]\nclass = credit", fillcolor="#e581397f"] ;
162 -> 168 ;
169 [label="gini = 0.0\nsamples = 2\nvalue = [2, 0]\nclass = credit", fillcolor="#e58139ff"] ;
168 -> 169 ;
170 [label="gini = 0.0\nsamples = 1\nvalue = [0, 1]\nclass = no credit", fillcolor="#399de5ff"] ;
168 -> 170 ;
171 [label="19 <= 0.5\ngini = 0.4898\nsamples = 42\nvalue = [24, 18]\nclass = credit", fillcolor="#e5813940"] ;
161 -> 171 ;
172 [label="22 <= 0.5\ngini = 0.4994\nsamples = 29\nvalue = [14, 15]\nclass = no credit", fillcolor="#399de511"] ;
171 -> 172 ;
173 [label="6 <= 2.5\ngini = 0.4882\nsamples = 26\nvalue = [11, 15]\nclass = no credit", fillcolor="#399de544"] ;
172 -> 173 ;
174 [label="12 <= 1.5\ngini = 0.4444\nsamples = 9\nvalue = [6, 3]\nclass = credit", fillcolor="#e581397f"] ;
173 -> 174 ;
175 [label="3 <= 34.0\ngini = 0.375\nsamples = 8\nvalue = [6, 2]\nclass = credit", fillcolor="#e58139aa"] ;
174 -> 175 ;
176 [label="gini = 0.0\nsamples = 5\nvalue = [5, 0]\nclass = credit", fillcolor="#e58139ff"] ;
175 -> 176 ;
177 [label="9 <= 39.5\ngini = 0.4444\nsamples = 3\nvalue = [1, 2]\nclass = no credit", fillcolor="#399de57f"] ;
175 -> 177 ;
178 [label="gini = 0.0\nsamples = 2\nvalue = [0, 2]\nclass = no credit", fillcolor="#399de5ff"] ;
177 -> 178 ;
179 [label="gini = 0.0\nsamples = 1\nvalue = [1, 0]\nclass = credit", fillcolor="#e58139ff"] ;
177 -> 179 ;
180 [label="gini = 0.0\nsamples = 1\nvalue = [0, 1]\nclass = no credit", fillcolor="#399de5ff"] ;
174 -> 180 ;
181 [label="2 <= 1.5\ngini = 0.4152\nsamples = 17\nvalue = [5, 12]\nclass = no credit", fillcolor="#399de595"] ;
173 -> 181 ;
182 [label="gini = 0.0\nsamples = 1\nvalue = [1, 0]\nclass = credit", fillcolor="#e58139ff"] ;
181 -> 182 ;
183 [label="9 <= 33.0\ngini = 0.375\nsamples = 16\nvalue = [4, 12]\nclass = no credit", fillcolor="#399de5aa"] ;
181 -> 183 ;
184 [label="gini = 0.0\nsamples = 7\nvalue = [0, 7]\nclass = no credit", fillcolor="#399de5ff"] ;
183 -> 184 ;
185 [label="2 <= 3.0\ngini = 0.4938\nsamples = 9\nvalue = [4, 5]\nclass = no credit", fillcolor="#399de533"] ;
183 -> 185 ;
186 [label="8 <= 2.5\ngini = 0.4444\nsamples = 6\nvalue = [4, 2]\nclass = credit", fillcolor="#e581397f"] ;
185 -> 186 ;
187 [label="8 <= 1.5\ngini = 0.4444\nsamples = 3\nvalue = [1, 2]\nclass = no credit", fillcolor="#399de57f"] ;
186 -> 187 ;
188 [label="gini = 0.0\nsamples = 1\nvalue = [1, 0]\nclass = credit", fillcolor="#e58139ff"] ;
187 -> 188 ;
189 [label="gini = 0.0\nsamples = 2\nvalue = [0, 2]\nclass = no credit", fillcolor="#399de5ff"] ;
187 -> 189 ;
190 [label="gini = 0.0\nsamples = 3\nvalue = [3, 0]\nclass = credit", fillcolor="#e58139ff"] ;
186 -> 190 ;
191 [label="gini = 0.0\nsamples = 3\nvalue = [0, 3]\nclass = no credit", fillcolor="#399de5ff"] ;
185 -> 191 ;
192 [label="gini = 0.0\nsamples = 3\nvalue = [3, 0]\nclass = credit", fillcolor="#e58139ff"] ;
172 -> 192 ;
193 [label="4 <= 2.5\ngini = 0.355\nsamples = 13\nvalue = [10, 3]\nclass = credit", fillcolor="#e58139b3"] ;
171 -> 193 ;
194 [label="9 <= 23.5\ngini = 0.2778\nsamples = 12\nvalue = [10, 2]\nclass = credit", fillcolor="#e58139cc"] ;
193 -> 194 ;
195 [label="gini = 0.0\nsamples = 6\nvalue = [6, 0]\nclass = credit", fillcolor="#e58139ff"] ;
194 -> 195 ;
196 [label="9 <= 27.5\ngini = 0.4444\nsamples = 6\nvalue = [4, 2]\nclass = credit", fillcolor="#e581397f"] ;
194 -> 196 ;
197 [label="gini = 0.0\nsamples = 2\nvalue = [0, 2]\nclass = no credit", fillcolor="#399de5ff"] ;
196 -> 197 ;
198 [label="gini = 0.0\nsamples = 4\nvalue = [4, 0]\nclass = credit", fillcolor="#e58139ff"] ;
196 -> 198 ;
199 [label="gini = 0.0\nsamples = 1\nvalue = [0, 1]\nclass = no credit", fillcolor="#399de5ff"] ;
193 -> 199 ;
200 [label="5 <= 4.5\ngini = 0.4444\nsamples = 48\nvalue = [32, 16]\nclass = credit", fillcolor="#e581397f"] ;
160 -> 200 ;
201 [label="3 <= 53.5\ngini = 0.4673\nsamples = 43\nvalue = [27, 16]\nclass = credit", fillcolor="#e5813968"] ;
200 -> 201 ;
202 [label="7 <= 1.5\ngini = 0.3324\nsamples = 19\nvalue = [15, 4]\nclass = credit", fillcolor="#e58139bb"] ;
201 -> 202 ;
203 [label="gini = 0.0\nsamples = 2\nvalue = [0, 2]\nclass = no credit", fillcolor="#399de5ff"] ;
202 -> 203 ;
204 [label="0 <= 1.5\ngini = 0.2076\nsamples = 17\nvalue = [15, 2]\nclass = credit", fillcolor="#e58139dd"] ;
202 -> 204 ;
205 [label="3 <= 42.5\ngini = 0.375\nsamples = 8\nvalue = [6, 2]\nclass = credit", fillcolor="#e58139aa"] ;
204 -> 205 ;
206 [label="gini = 0.0\nsamples = 1\nvalue = [0, 1]\nclass = no credit", fillcolor="#399de5ff"] ;
205 -> 206 ;
207 [label="8 <= 1.5\ngini = 0.2449\nsamples = 7\nvalue = [6, 1]\nclass = credit", fillcolor="#e58139d4"] ;
205 -> 207 ;
208 [label="gini = 0.0\nsamples = 1\nvalue = [0, 1]\nclass = no credit", fillcolor="#399de5ff"] ;
207 -> 208 ;
209 [label="gini = 0.0\nsamples = 6\nvalue = [6, 0]\nclass = credit", fillcolor="#e58139ff"] ;
207 -> 209 ;
210 [label="gini = 0.0\nsamples = 9\nvalue = [9, 0]\nclass = credit", fillcolor="#e58139ff"] ;
204 -> 210 ;
211 [label="13 <= 1.5\ngini = 0.5\nsamples = 24\nvalue = [12, 12]\nclass = credit", fillcolor="#e5813900"] ;
201 -> 211 ;
212 [label="9 <= 47.0\ngini = 0.2188\nsamples = 8\nvalue = [1, 7]\nclass = no credit", fillcolor="#399de5db"] ;
211 -> 212 ;
213 [label="gini = 0.0\nsamples = 6\nvalue = [0, 6]\nclass = no credit", fillcolor="#399de5ff"] ;
212 -> 213 ;
214 [label="19 <= 0.5\ngini = 0.5\nsamples = 2\nvalue = [1, 1]\nclass = credit", fillcolor="#e5813900"] ;
212 -> 214 ;
215 [label="gini = 0.0\nsamples = 1\nvalue = [1, 0]\nclass = credit", fillcolor="#e58139ff"] ;
214 -> 215 ;
216 [label="gini = 0.0\nsamples = 1\nvalue = [0, 1]\nclass = no credit", fillcolor="#399de5ff"] ;
214 -> 216 ;
217 [label="5 <= 3.5\ngini = 0.4297\nsamples = 16\nvalue = [11, 5]\nclass = credit", fillcolor="#e581398b"] ;
211 -> 217 ;
218 [label="8 <= 1.5\ngini = 0.2778\nsamples = 12\nvalue = [10, 2]\nclass = credit", fillcolor="#e58139cc"] ;
217 -> 218 ;
219 [label="gini = 0.0\nsamples = 1\nvalue = [0, 1]\nclass = no credit", fillcolor="#399de5ff"] ;
218 -> 219 ;
220 [label="3 <= 58.5\ngini = 0.1653\nsamples = 11\nvalue = [10, 1]\nclass = credit", fillcolor="#e58139e6"] ;
218 -> 220 ;
221 [label="gini = 0.0\nsamples = 1\nvalue = [0, 1]\nclass = no credit", fillcolor="#399de5ff"] ;
220 -> 221 ;
222 [label="gini = 0.0\nsamples = 10\nvalue = [10, 0]\nclass = credit", fillcolor="#e58139ff"] ;
220 -> 222 ;
223 [label="15 <= 0.5\ngini = 0.375\nsamples = 4\nvalue = [1, 3]\nclass = no credit", fillcolor="#399de5aa"] ;
217 -> 223 ;
224 [label="gini = 0.0\nsamples = 3\nvalue = [0, 3]\nclass = no credit", fillcolor="#399de5ff"] ;
223 -> 224 ;
225 [label="gini = 0.0\nsamples = 1\nvalue = [1, 0]\nclass = credit", fillcolor="#e58139ff"] ;
223 -> 225 ;
226 [label="gini = 0.0\nsamples = 5\nvalue = [5, 0]\nclass = credit", fillcolor="#e58139ff"] ;
200 -> 226 ;
227 [label="3 <= 81.0\ngini = 0.3856\nsamples = 23\nvalue = [6, 17]\nclass = no credit", fillcolor="#399de5a5"] ;
141 -> 227 ;
228 [label="4 <= 2.5\ngini = 0.1172\nsamples = 16\nvalue = [1, 15]\nclass = no credit", fillcolor="#399de5ee"] ;
227 -> 228 ;
229 [label="gini = 0.0\nsamples = 15\nvalue = [0, 15]\nclass = no credit", fillcolor="#399de5ff"] ;
228 -> 229 ;
230 [label="gini = 0.0\nsamples = 1\nvalue = [1, 0]\nclass = credit", fillcolor="#e58139ff"] ;
228 -> 230 ;
231 [label="8 <= 3.5\ngini = 0.4082\nsamples = 7\nvalue = [5, 2]\nclass = credit", fillcolor="#e5813999"] ;
227 -> 231 ;
232 [label="gini = 0.0\nsamples = 4\nvalue = [4, 0]\nclass = credit", fillcolor="#e58139ff"] ;
231 -> 232 ;
233 [label="1 <= 27.0\ngini = 0.4444\nsamples = 3\nvalue = [1, 2]\nclass = no credit", fillcolor="#399de57f"] ;
231 -> 233 ;
234 [label="gini = 0.0\nsamples = 1\nvalue = [1, 0]\nclass = credit", fillcolor="#e58139ff"] ;
233 -> 234 ;
235 [label="gini = 0.0\nsamples = 2\nvalue = [0, 2]\nclass = no credit", fillcolor="#399de5ff"] ;
233 -> 235 ;
236 [label="7 <= 1.5\ngini = 0.2392\nsamples = 36\nvalue = [31, 5]\nclass = credit", fillcolor="#e58139d6"] ;
140 -> 236 ;
237 [label="6 <= 3.5\ngini = 0.4444\nsamples = 3\nvalue = [1, 2]\nclass = no credit", fillcolor="#399de57f"] ;
236 -> 237 ;
238 [label="gini = 0.0\nsamples = 2\nvalue = [0, 2]\nclass = no credit", fillcolor="#399de5ff"] ;
237 -> 238 ;
239 [label="gini = 0.0\nsamples = 1\nvalue = [1, 0]\nclass = credit", fillcolor="#e58139ff"] ;
237 -> 239 ;
240 [label="5 <= 1.5\ngini = 0.1653\nsamples = 33\nvalue = [30, 3]\nclass = credit", fillcolor="#e58139e6"] ;
236 -> 240 ;
241 [label="gini = 0.0\nsamples = 1\nvalue = [0, 1]\nclass = no credit", fillcolor="#399de5ff"] ;
240 -> 241 ;
242 [label="3 <= 49.5\ngini = 0.1172\nsamples = 32\nvalue = [30, 2]\nclass = credit", fillcolor="#e58139ee"] ;
240 -> 242 ;
243 [label="7 <= 3.5\ngini = 0.375\nsamples = 8\nvalue = [6, 2]\nclass = credit", fillcolor="#e58139aa"] ;
242 -> 243 ;
244 [label="gini = 0.0\nsamples = 2\nvalue = [0, 2]\nclass = no credit", fillcolor="#399de5ff"] ;
243 -> 244 ;
245 [label="gini = 0.0\nsamples = 6\nvalue = [6, 0]\nclass = credit", fillcolor="#e58139ff"] ;
243 -> 245 ;
246 [label="gini = 0.0\nsamples = 24\nvalue = [24, 0]\nclass = credit", fillcolor="#e58139ff"] ;
242 -> 246 ;
247 [label="0 <= 1.5\ngini = 0.414\nsamples = 41\nvalue = [12, 29]\nclass = no credit", fillcolor="#399de595"] ;
139 -> 247 ;
248 [label="11 <= 1.5\ngini = 0.4844\nsamples = 17\nvalue = [10, 7]\nclass = credit", fillcolor="#e581394d"] ;
247 -> 248 ;
249 [label="16 <= 0.5\ngini = 0.355\nsamples = 13\nvalue = [10, 3]\nclass = credit", fillcolor="#e58139b3"] ;
248 -> 249 ;
250 [label="3 <= 74.5\ngini = 0.18\nsamples = 10\nvalue = [9, 1]\nclass = credit", fillcolor="#e58139e3"] ;
249 -> 250 ;
251 [label="gini = 0.0\nsamples = 9\nvalue = [9, 0]\nclass = credit", fillcolor="#e58139ff"] ;
250 -> 251 ;
252 [label="gini = 0.0\nsamples = 1\nvalue = [0, 1]\nclass = no credit", fillcolor="#399de5ff"] ;
250 -> 252 ;
253 [label="3 <= 56.5\ngini = 0.4444\nsamples = 3\nvalue = [1, 2]\nclass = no credit", fillcolor="#399de57f"] ;
249 -> 253 ;
254 [label="gini = 0.0\nsamples = 2\nvalue = [0, 2]\nclass = no credit", fillcolor="#399de5ff"] ;
253 -> 254 ;
255 [label="gini = 0.0\nsamples = 1\nvalue = [1, 0]\nclass = credit", fillcolor="#e58139ff"] ;
253 -> 255 ;
256 [label="gini = 0.0\nsamples = 4\nvalue = [0, 4]\nclass = no credit", fillcolor="#399de5ff"] ;
248 -> 256 ;
257 [label="3 <= 123.0\ngini = 0.1528\nsamples = 24\nvalue = [2, 22]\nclass = no credit", fillcolor="#399de5e8"] ;
247 -> 257 ;
258 [label="17 <= 0.5\ngini = 0.0832\nsamples = 23\nvalue = [1, 22]\nclass = no credit", fillcolor="#399de5f3"] ;
257 -> 258 ;
259 [label="2 <= 1.5\ngini = 0.5\nsamples = 2\nvalue = [1, 1]\nclass = credit", fillcolor="#e5813900"] ;
258 -> 259 ;
260 [label="gini = 0.0\nsamples = 1\nvalue = [0, 1]\nclass = no credit", fillcolor="#399de5ff"] ;
259 -> 260 ;
261 [label="gini = 0.0\nsamples = 1\nvalue = [1, 0]\nclass = credit", fillcolor="#e58139ff"] ;
259 -> 261 ;
262 [label="gini = 0.0\nsamples = 21\nvalue = [0, 21]\nclass = no credit", fillcolor="#399de5ff"] ;
258 -> 262 ;
263 [label="gini = 0.0\nsamples = 1\nvalue = [1, 0]\nclass = credit", fillcolor="#e58139ff"] ;
257 -> 263 ;
264 [label="10 <= 2.5\ngini = 0.2281\nsamples = 457\nvalue = [60, 397]\nclass = no credit", fillcolor="#399de5d8"] ;
0 -> 264 [labeldistance=2.5, labelangle=-45, headlabel="False"] ;
265 [label="9 <= 44.5\ngini = 0.4114\nsamples = 76\nvalue = [22, 54]\nclass = no credit", fillcolor="#399de597"] ;
264 -> 265 ;
266 [label="9 <= 36.5\ngini = 0.4585\nsamples = 59\nvalue = [21, 38]\nclass = no credit", fillcolor="#399de572"] ;
265 -> 266 ;
267 [label="11 <= 1.5\ngini = 0.3807\nsamples = 43\nvalue = [11, 32]\nclass = no credit", fillcolor="#399de5a7"] ;
266 -> 267 ;
268 [label="5 <= 1.5\ngini = 0.2268\nsamples = 23\nvalue = [3, 20]\nclass = no credit", fillcolor="#399de5d9"] ;
267 -> 268 ;
269 [label="gini = 0.0\nsamples = 1\nvalue = [1, 0]\nclass = credit", fillcolor="#e58139ff"] ;
268 -> 269 ;
270 [label="1 <= 13.5\ngini = 0.1653\nsamples = 22\nvalue = [2, 20]\nclass = no credit", fillcolor="#399de5e6"] ;
268 -> 270 ;
271 [label="22 <= 0.5\ngini = 0.4082\nsamples = 7\nvalue = [2, 5]\nclass = no credit", fillcolor="#399de599"] ;
270 -> 271 ;
272 [label="gini = 0.0\nsamples = 4\nvalue = [0, 4]\nclass = no credit", fillcolor="#399de5ff"] ;
271 -> 272 ;
273 [label="10 <= 1.5\ngini = 0.4444\nsamples = 3\nvalue = [2, 1]\nclass = credit", fillcolor="#e581397f"] ;
271 -> 273 ;
274 [label="gini = 0.0\nsamples = 2\nvalue = [2, 0]\nclass = credit", fillcolor="#e58139ff"] ;
273 -> 274 ;
275 [label="gini = 0.0\nsamples = 1\nvalue = [0, 1]\nclass = no credit", fillcolor="#399de5ff"] ;
273 -> 275 ;
276 [label="gini = 0.0\nsamples = 15\nvalue = [0, 15]\nclass = no credit", fillcolor="#399de5ff"] ;
270 -> 276 ;
277 [label="15 <= 0.5\ngini = 0.48\nsamples = 20\nvalue = [8, 12]\nclass = no credit", fillcolor="#399de555"] ;
267 -> 277 ;
278 [label="9 <= 34.5\ngini = 0.3911\nsamples = 15\nvalue = [4, 11]\nclass = no credit", fillcolor="#399de5a2"] ;
277 -> 278 ;
279 [label="3 <= 79.0\ngini = 0.2604\nsamples = 13\nvalue = [2, 11]\nclass = no credit", fillcolor="#399de5d1"] ;
278 -> 279 ;
280 [label="gini = 0.0\nsamples = 10\nvalue = [0, 10]\nclass = no credit", fillcolor="#399de5ff"] ;
279 -> 280 ;
281 [label="9 <= 29.0\ngini = 0.4444\nsamples = 3\nvalue = [2, 1]\nclass = credit", fillcolor="#e581397f"] ;
279 -> 281 ;
282 [label="gini = 0.0\nsamples = 2\nvalue = [2, 0]\nclass = credit", fillcolor="#e58139ff"] ;
281 -> 282 ;
283 [label="gini = 0.0\nsamples = 1\nvalue = [0, 1]\nclass = no credit", fillcolor="#399de5ff"] ;
281 -> 283 ;
284 [label="gini = 0.0\nsamples = 2\nvalue = [2, 0]\nclass = credit", fillcolor="#e58139ff"] ;
278 -> 284 ;
285 [label="8 <= 2.5\ngini = 0.32\nsamples = 5\nvalue = [4, 1]\nclass = credit", fillcolor="#e58139bf"] ;
277 -> 285 ;
286 [label="gini = 0.0\nsamples = 4\nvalue = [4, 0]\nclass = credit", fillcolor="#e58139ff"] ;
285 -> 286 ;
287 [label="gini = 0.0\nsamples = 1\nvalue = [0, 1]\nclass = no credit", fillcolor="#399de5ff"] ;
285 -> 287 ;
288 [label="1 <= 9.0\ngini = 0.4688\nsamples = 16\nvalue = [10, 6]\nclass = credit", fillcolor="#e5813966"] ;
266 -> 288 ;
289 [label="gini = 0.0\nsamples = 2\nvalue = [0, 2]\nclass = no credit", fillcolor="#399de5ff"] ;
288 -> 289 ;
290 [label="7 <= 2.5\ngini = 0.4082\nsamples = 14\nvalue = [10, 4]\nclass = credit", fillcolor="#e5813999"] ;
288 -> 290 ;
291 [label="gini = 0.0\nsamples = 6\nvalue = [6, 0]\nclass = credit", fillcolor="#e58139ff"] ;
290 -> 291 ;
292 [label="8 <= 3.5\ngini = 0.5\nsamples = 8\nvalue = [4, 4]\nclass = credit", fillcolor="#e5813900"] ;
290 -> 292 ;
293 [label="3 <= 11.0\ngini = 0.32\nsamples = 5\nvalue = [1, 4]\nclass = no credit", fillcolor="#399de5bf"] ;
292 -> 293 ;
294 [label="gini = 0.0\nsamples = 1\nvalue = [1, 0]\nclass = credit", fillcolor="#e58139ff"] ;
293 -> 294 ;
295 [label="gini = 0.0\nsamples = 4\nvalue = [0, 4]\nclass = no credit", fillcolor="#399de5ff"] ;
293 -> 295 ;
296 [label="gini = 0.0\nsamples = 3\nvalue = [3, 0]\nclass = credit", fillcolor="#e58139ff"] ;
292 -> 296 ;
297 [label="8 <= 1.5\ngini = 0.1107\nsamples = 17\nvalue = [1, 16]\nclass = no credit", fillcolor="#399de5ef"] ;
265 -> 297 ;
298 [label="gini = 0.0\nsamples = 1\nvalue = [1, 0]\nclass = credit", fillcolor="#e58139ff"] ;
297 -> 298 ;
299 [label="gini = 0.0\nsamples = 16\nvalue = [0, 16]\nclass = no credit", fillcolor="#399de5ff"] ;
297 -> 299 ;
300 [label="5 <= 2.5\ngini = 0.1796\nsamples = 381\nvalue = [38, 343]\nclass = no credit", fillcolor="#399de5e3"] ;
264 -> 300 ;
301 [label="3 <= 67.0\ngini = 0.3343\nsamples = 66\nvalue = [14, 52]\nclass = no credit", fillcolor="#399de5ba"] ;
300 -> 301 ;
302 [label="18 <= 0.5\ngini = 0.2706\nsamples = 62\nvalue = [10, 52]\nclass = no credit", fillcolor="#399de5ce"] ;
301 -> 302 ;
303 [label="2 <= 1.5\ngini = 0.2091\nsamples = 59\nvalue = [7, 52]\nclass = no credit", fillcolor="#399de5dd"] ;
302 -> 303 ;
304 [label="3 <= 38.0\ngini = 0.4444\nsamples = 3\nvalue = [2, 1]\nclass = credit", fillcolor="#e581397f"] ;
303 -> 304 ;
305 [label="gini = 0.0\nsamples = 2\nvalue = [2, 0]\nclass = credit", fillcolor="#e58139ff"] ;
304 -> 305 ;
306 [label="gini = 0.0\nsamples = 1\nvalue = [0, 1]\nclass = no credit", fillcolor="#399de5ff"] ;
304 -> 306 ;
307 [label="3 <= 56.5\ngini = 0.1626\nsamples = 56\nvalue = [5, 51]\nclass = no credit", fillcolor="#399de5e6"] ;
303 -> 307 ;
308 [label="3 <= 17.0\ngini = 0.1349\nsamples = 55\nvalue = [4, 51]\nclass = no credit", fillcolor="#399de5eb"] ;
307 -> 308 ;
309 [label="gini = 0.0\nsamples = 25\nvalue = [0, 25]\nclass = no credit", fillcolor="#399de5ff"] ;
308 -> 309 ;
310 [label="3 <= 20.0\ngini = 0.2311\nsamples = 30\nvalue = [4, 26]\nclass = no credit", fillcolor="#399de5d8"] ;
308 -> 310 ;
311 [label="gini = 0.0\nsamples = 1\nvalue = [1, 0]\nclass = credit", fillcolor="#e58139ff"] ;
310 -> 311 ;
312 [label="1 <= 7.5\ngini = 0.1855\nsamples = 29\nvalue = [3, 26]\nclass = no credit", fillcolor="#399de5e2"] ;
310 -> 312 ;
313 [label="gini = 0.0\nsamples = 1\nvalue = [1, 0]\nclass = credit", fillcolor="#e58139ff"] ;
312 -> 313 ;
314 [label="0 <= 3.5\ngini = 0.1327\nsamples = 28\nvalue = [2, 26]\nclass = no credit", fillcolor="#399de5eb"] ;
312 -> 314 ;
315 [label="3 <= 30.0\ngini = 0.5\nsamples = 4\nvalue = [2, 2]\nclass = credit", fillcolor="#e5813900"] ;
314 -> 315 ;
316 [label="gini = 0.0\nsamples = 2\nvalue = [2, 0]\nclass = credit", fillcolor="#e58139ff"] ;
315 -> 316 ;
317 [label="gini = 0.0\nsamples = 2\nvalue = [0, 2]\nclass = no credit", fillcolor="#399de5ff"] ;
315 -> 317 ;
318 [label="gini = 0.0\nsamples = 24\nvalue = [0, 24]\nclass = no credit", fillcolor="#399de5ff"] ;
314 -> 318 ;
319 [label="gini = 0.0\nsamples = 1\nvalue = [1, 0]\nclass = credit", fillcolor="#e58139ff"] ;
307 -> 319 ;
320 [label="gini = 0.0\nsamples = 3\nvalue = [3, 0]\nclass = credit", fillcolor="#e58139ff"] ;
302 -> 320 ;
321 [label="gini = 0.0\nsamples = 4\nvalue = [4, 0]\nclass = credit", fillcolor="#e58139ff"] ;
301 -> 321 ;
322 [label="9 <= 30.5\ngini = 0.1408\nsamples = 315\nvalue = [24, 291]\nclass = no credit", fillcolor="#399de5ea"] ;
300 -> 322 ;
323 [label="11 <= 2.5\ngini = 0.2349\nsamples = 103\nvalue = [14, 89]\nclass = no credit", fillcolor="#399de5d7"] ;
322 -> 323 ;
324 [label="23 <= 0.5\ngini = 0.2224\nsamples = 102\nvalue = [13, 89]\nclass = no credit", fillcolor="#399de5da"] ;
323 -> 324 ;
325 [label="3 <= 13.5\ngini = 0.42\nsamples = 20\nvalue = [6, 14]\nclass = no credit", fillcolor="#399de592"] ;
324 -> 325 ;
326 [label="9 <= 27.5\ngini = 0.48\nsamples = 5\nvalue = [3, 2]\nclass = credit", fillcolor="#e5813955"] ;
325 -> 326 ;
327 [label="17 <= 0.5\ngini = 0.4444\nsamples = 3\nvalue = [1, 2]\nclass = no credit", fillcolor="#399de57f"] ;
326 -> 327 ;
328 [label="gini = 0.0\nsamples = 1\nvalue = [1, 0]\nclass = credit", fillcolor="#e58139ff"] ;
327 -> 328 ;
329 [label="gini = 0.0\nsamples = 2\nvalue = [0, 2]\nclass = no credit", fillcolor="#399de5ff"] ;
327 -> 329 ;
330 [label="gini = 0.0\nsamples = 2\nvalue = [2, 0]\nclass = credit", fillcolor="#e58139ff"] ;
326 -> 330 ;
331 [label="1 <= 33.0\ngini = 0.32\nsamples = 15\nvalue = [3, 12]\nclass = no credit", fillcolor="#399de5bf"] ;
325 -> 331 ;
332 [label="8 <= 3.5\ngini = 0.1528\nsamples = 12\nvalue = [1, 11]\nclass = no credit", fillcolor="#399de5e8"] ;
331 -> 332 ;
333 [label="gini = 0.0\nsamples = 11\nvalue = [0, 11]\nclass = no credit", fillcolor="#399de5ff"] ;
332 -> 333 ;
334 [label="gini = 0.0\nsamples = 1\nvalue = [1, 0]\nclass = credit", fillcolor="#e58139ff"] ;
332 -> 334 ;
335 [label="3 <= 78.0\ngini = 0.4444\nsamples = 3\nvalue = [2, 1]\nclass = credit", fillcolor="#e581397f"] ;
331 -> 335 ;
336 [label="gini = 0.0\nsamples = 2\nvalue = [2, 0]\nclass = credit", fillcolor="#e58139ff"] ;
335 -> 336 ;
337 [label="gini = 0.0\nsamples = 1\nvalue = [0, 1]\nclass = no credit", fillcolor="#399de5ff"] ;
335 -> 337 ;
338 [label="9 <= 22.5\ngini = 0.1562\nsamples = 82\nvalue = [7, 75]\nclass = no credit", fillcolor="#399de5e7"] ;
324 -> 338 ;
339 [label="9 <= 21.5\ngini = 0.3967\nsamples = 11\nvalue = [3, 8]\nclass = no credit", fillcolor="#399de59f"] ;
338 -> 339 ;
340 [label="15 <= 0.5\ngini = 0.1975\nsamples = 9\nvalue = [1, 8]\nclass = no credit", fillcolor="#399de5df"] ;
339 -> 340 ;
341 [label="gini = 0.0\nsamples = 7\nvalue = [0, 7]\nclass = no credit", fillcolor="#399de5ff"] ;
340 -> 341 ;
342 [label="1 <= 21.0\ngini = 0.5\nsamples = 2\nvalue = [1, 1]\nclass = credit", fillcolor="#e5813900"] ;
340 -> 342 ;
343 [label="gini = 0.0\nsamples = 1\nvalue = [0, 1]\nclass = no credit", fillcolor="#399de5ff"] ;
342 -> 343 ;
344 [label="gini = 0.0\nsamples = 1\nvalue = [1, 0]\nclass = credit", fillcolor="#e58139ff"] ;
342 -> 344 ;
345 [label="gini = 0.0\nsamples = 2\nvalue = [2, 0]\nclass = credit", fillcolor="#e58139ff"] ;
339 -> 345 ;
346 [label="5 <= 3.5\ngini = 0.1063\nsamples = 71\nvalue = [4, 67]\nclass = no credit", fillcolor="#399de5f0"] ;
338 -> 346 ;
347 [label="9 <= 29.5\ngini = 0.1653\nsamples = 44\nvalue = [4, 40]\nclass = no credit", fillcolor="#399de5e6"] ;
346 -> 347 ;
348 [label="11 <= 1.5\ngini = 0.1356\nsamples = 41\nvalue = [3, 38]\nclass = no credit", fillcolor="#399de5eb"] ;
347 -> 348 ;
349 [label="8 <= 1.5\ngini = 0.2041\nsamples = 26\nvalue = [3, 23]\nclass = no credit", fillcolor="#399de5de"] ;
348 -> 349 ;
350 [label="gini = 0.0\nsamples = 11\nvalue = [0, 11]\nclass = no credit", fillcolor="#399de5ff"] ;
349 -> 350 ;
351 [label="9 <= 25.5\ngini = 0.32\nsamples = 15\nvalue = [3, 12]\nclass = no credit", fillcolor="#399de5bf"] ;
349 -> 351 ;
352 [label="gini = 0.0\nsamples = 6\nvalue = [0, 6]\nclass = no credit", fillcolor="#399de5ff"] ;
351 -> 352 ;
353 [label="3 <= 24.0\ngini = 0.4444\nsamples = 9\nvalue = [3, 6]\nclass = no credit", fillcolor="#399de57f"] ;
351 -> 353 ;
354 [label="1 <= 21.0\ngini = 0.4444\nsamples = 3\nvalue = [2, 1]\nclass = credit", fillcolor="#e581397f"] ;
353 -> 354 ;
355 [label="gini = 0.0\nsamples = 2\nvalue = [2, 0]\nclass = credit", fillcolor="#e58139ff"] ;
354 -> 355 ;
356 [label="gini = 0.0\nsamples = 1\nvalue = [0, 1]\nclass = no credit", fillcolor="#399de5ff"] ;
354 -> 356 ;
357 [label="0 <= 3.5\ngini = 0.2778\nsamples = 6\nvalue = [1, 5]\nclass = no credit", fillcolor="#399de5cc"] ;
353 -> 357 ;
358 [label="gini = 0.0\nsamples = 1\nvalue = [1, 0]\nclass = credit", fillcolor="#e58139ff"] ;
357 -> 358 ;
359 [label="gini = 0.0\nsamples = 5\nvalue = [0, 5]\nclass = no credit", fillcolor="#399de5ff"] ;
357 -> 359 ;
360 [label="gini = 0.0\nsamples = 15\nvalue = [0, 15]\nclass = no credit", fillcolor="#399de5ff"] ;
348 -> 360 ;
361 [label="4 <= 1.5\ngini = 0.4444\nsamples = 3\nvalue = [1, 2]\nclass = no credit", fillcolor="#399de57f"] ;
347 -> 361 ;
362 [label="gini = 0.0\nsamples = 2\nvalue = [0, 2]\nclass = no credit", fillcolor="#399de5ff"] ;
361 -> 362 ;
363 [label="gini = 0.0\nsamples = 1\nvalue = [1, 0]\nclass = credit", fillcolor="#e58139ff"] ;
361 -> 363 ;
364 [label="gini = 0.0\nsamples = 27\nvalue = [0, 27]\nclass = no credit", fillcolor="#399de5ff"] ;
346 -> 364 ;
365 [label="gini = 0.0\nsamples = 1\nvalue = [1, 0]\nclass = credit", fillcolor="#e58139ff"] ;
323 -> 365 ;
366 [label="9 <= 65.5\ngini = 0.0899\nsamples = 212\nvalue = [10, 202]\nclass = no credit", fillcolor="#399de5f2"] ;
322 -> 366 ;
367 [label="0 <= 3.5\ngini = 0.0743\nsamples = 207\nvalue = [8, 199]\nclass = no credit", fillcolor="#399de5f5"] ;
366 -> 367 ;
368 [label="12 <= 1.5\ngini = 0.2188\nsamples = 24\nvalue = [3, 21]\nclass = no credit", fillcolor="#399de5db"] ;
367 -> 368 ;
369 [label="4 <= 4.5\ngini = 0.0907\nsamples = 21\nvalue = [1, 20]\nclass = no credit", fillcolor="#399de5f2"] ;
368 -> 369 ;
370 [label="gini = 0.0\nsamples = 17\nvalue = [0, 17]\nclass = no credit", fillcolor="#399de5ff"] ;
369 -> 370 ;
371 [label="8 <= 3.5\ngini = 0.375\nsamples = 4\nvalue = [1, 3]\nclass = no credit", fillcolor="#399de5aa"] ;
369 -> 371 ;
372 [label="gini = 0.0\nsamples = 3\nvalue = [0, 3]\nclass = no credit", fillcolor="#399de5ff"] ;
371 -> 372 ;
373 [label="gini = 0.0\nsamples = 1\nvalue = [1, 0]\nclass = credit", fillcolor="#e58139ff"] ;
371 -> 373 ;
374 [label="11 <= 1.5\ngini = 0.4444\nsamples = 3\nvalue = [2, 1]\nclass = credit", fillcolor="#e581397f"] ;
368 -> 374 ;
375 [label="gini = 0.0\nsamples = 2\nvalue = [2, 0]\nclass = credit", fillcolor="#e58139ff"] ;
374 -> 375 ;
376 [label="gini = 0.0\nsamples = 1\nvalue = [0, 1]\nclass = no credit", fillcolor="#399de5ff"] ;
374 -> 376 ;
377 [label="2 <= 3.5\ngini = 0.0532\nsamples = 183\nvalue = [5, 178]\nclass = no credit", fillcolor="#399de5f8"] ;
367 -> 377 ;
378 [label="11 <= 1.5\ngini = 0.0997\nsamples = 95\nvalue = [5, 90]\nclass = no credit", fillcolor="#399de5f1"] ;
377 -> 378 ;
379 [label="3 <= 42.5\ngini = 0.027\nsamples = 73\nvalue = [1, 72]\nclass = no credit", fillcolor="#399de5fb"] ;
378 -> 379 ;
380 [label="gini = 0.0\nsamples = 60\nvalue = [0, 60]\nclass = no credit", fillcolor="#399de5ff"] ;
379 -> 380 ;
381 [label="3 <= 46.5\ngini = 0.142\nsamples = 13\nvalue = [1, 12]\nclass = no credit", fillcolor="#399de5ea"] ;
379 -> 381 ;
382 [label="gini = 0.0\nsamples = 1\nvalue = [1, 0]\nclass = credit", fillcolor="#e58139ff"] ;
381 -> 382 ;
383 [label="gini = 0.0\nsamples = 12\nvalue = [0, 12]\nclass = no credit", fillcolor="#399de5ff"] ;
381 -> 383 ;
384 [label="9 <= 46.0\ngini = 0.2975\nsamples = 22\nvalue = [4, 18]\nclass = no credit", fillcolor="#399de5c6"] ;
378 -> 384 ;
385 [label="9 <= 31.5\ngini = 0.1244\nsamples = 15\nvalue = [1, 14]\nclass = no credit", fillcolor="#399de5ed"] ;
384 -> 385 ;
386 [label="5 <= 4.5\ngini = 0.4444\nsamples = 3\nvalue = [1, 2]\nclass = no credit", fillcolor="#399de57f"] ;
385 -> 386 ;
387 [label="gini = 0.0\nsamples = 2\nvalue = [0, 2]\nclass = no credit", fillcolor="#399de5ff"] ;
386 -> 387 ;
388 [label="gini = 0.0\nsamples = 1\nvalue = [1, 0]\nclass = credit", fillcolor="#e58139ff"] ;
386 -> 388 ;
389 [label="gini = 0.0\nsamples = 12\nvalue = [0, 12]\nclass = no credit", fillcolor="#399de5ff"] ;
385 -> 389 ;
390 [label="23 <= 0.5\ngini = 0.4898\nsamples = 7\nvalue = [3, 4]\nclass = no credit", fillcolor="#399de540"] ;
384 -> 390 ;
391 [label="gini = 0.0\nsamples = 2\nvalue = [2, 0]\nclass = credit", fillcolor="#e58139ff"] ;
390 -> 391 ;
392 [label="1 <= 16.5\ngini = 0.32\nsamples = 5\nvalue = [1, 4]\nclass = no credit", fillcolor="#399de5bf"] ;
390 -> 392 ;
393 [label="gini = 0.0\nsamples = 1\nvalue = [1, 0]\nclass = credit", fillcolor="#e58139ff"] ;
392 -> 393 ;
394 [label="gini = 0.0\nsamples = 4\nvalue = [0, 4]\nclass = no credit", fillcolor="#399de5ff"] ;
392 -> 394 ;
395 [label="gini = 0.0\nsamples = 88\nvalue = [0, 88]\nclass = no credit", fillcolor="#399de5ff"] ;
377 -> 395 ;
396 [label="9 <= 71.0\ngini = 0.48\nsamples = 5\nvalue = [2, 3]\nclass = no credit", fillcolor="#399de555"] ;
366 -> 396 ;
397 [label="gini = 0.0\nsamples = 2\nvalue = [2, 0]\nclass = credit", fillcolor="#e58139ff"] ;
396 -> 397 ;
398 [label="gini = 0.0\nsamples = 3\nvalue = [0, 3]\nclass = no credit", fillcolor="#399de5ff"] ;
396 -> 398 ;
}